Using pre-set license
Built from '2021.3/staging' branch; Version is '2021.3.22f1 (b6c551784ba3) revision 11978065'; Using compiler version '192829333'; Build Type 'Release'
OS: 'Windows 10  (10.0.19045) 64bit Professional' Language: 'sl' Physical Memory: 32652 MB
BatchMode: 1, IsHumanControllingUs: 0, StartBugReporterOnCrash: 0, Is64bit: 1, IsPro: 1

COMMAND LINE ARGUMENTS:
D:\UnityEditor\2021.3.22f1\Editor\Unity.exe
-adb2
-batchMode
-noUpm
-name
AssetImportWorker0
-projectPath
D:/UnityProjects/VFX_Journey/VFX1
-logFile
Logs/AssetImportWorker0.log
-srvPort
56778
Successfully changed project path to: D:/UnityProjects/VFX_Journey/VFX1
D:/UnityProjects/VFX_Journey/VFX1
[UnityMemory] Configuration Parameters - Can be set up in boot.config
    "memorysetup-bucket-allocator-granularity=16"
    "memorysetup-bucket-allocator-bucket-count=8"
    "memorysetup-bucket-allocator-block-size=33554432"
    "memorysetup-bucket-allocator-block-count=8"
    "memorysetup-main-allocator-block-size=16777216"
    "memorysetup-thread-allocator-block-size=16777216"
    "memorysetup-gfx-main-allocator-block-size=16777216"
    "memorysetup-gfx-thread-allocator-block-size=16777216"
    "memorysetup-cache-allocator-block-size=4194304"
    "memorysetup-typetree-allocator-block-size=2097152"
    "memorysetup-profiler-bucket-allocator-granularity=16"
    "memorysetup-profiler-bucket-allocator-bucket-count=8"
    "memorysetup-profiler-bucket-allocator-block-size=33554432"
    "memorysetup-profiler-bucket-allocator-block-count=8"
    "memorysetup-profiler-allocator-block-size=16777216"
    "memorysetup-profiler-editor-allocator-block-size=1048576"
    "memorysetup-temp-allocator-size-main=16777216"
    "memorysetup-job-temp-allocator-block-size=2097152"
    "memorysetup-job-temp-allocator-block-size-background=1048576"
    "memorysetup-job-temp-allocator-reduction-small-platforms=262144"
    "memorysetup-temp-allocator-size-background-worker=32768"
    "memorysetup-temp-allocator-size-job-worker=262144"
    "memorysetup-temp-allocator-size-preload-manager=33554432"
    "memorysetup-temp-allocator-size-nav-mesh-worker=65536"
    "memorysetup-temp-allocator-size-audio-worker=65536"
    "memorysetup-temp-allocator-size-cloud-worker=32768"
    "memorysetup-temp-allocator-size-gi-baking-worker=262144"
    "memorysetup-temp-allocator-size-gfx=262144"
Player connection [7612] Host "[IP] 88.200.99.46 [Port] 0 [Flags] 2 [Guid] 688168933 [EditorId] 688168933 [Version] 1048832 [Id] WindowsEditor(7,DESKTOP-BJ7QSV4) [Debug] 1 [PackageName] WindowsEditor [ProjectName] Editor" joined multi-casting on [225.0.0.222:54997]...

Player connection [7612] Host "[IP] 88.200.99.46 [Port] 0 [Flags] 2 [Guid] 688168933 [EditorId] 688168933 [Version] 1048832 [Id] WindowsEditor(7,DESKTOP-BJ7QSV4) [Debug] 1 [PackageName] WindowsEditor [ProjectName] Editor" joined alternative multi-casting on [225.0.0.222:34997]...

Refreshing native plugins compatible for Editor in 59.27 ms, found 3 plugins.
Preloading 0 native plugins for Editor in 0.00 ms.
Initialize engine version: 2021.3.22f1 (b6c551784ba3)
[Subsystems] Discovering subsystems at path D:/UnityEditor/2021.3.22f1/Editor/Data/Resources/UnitySubsystems
[Subsystems] Discovering subsystems at path D:/UnityProjects/VFX_Journey/VFX1/Assets
GfxDevice: creating device client; threaded=0; jobified=0
Direct3D:
    Version:  Direct3D 11.0 [level 11.1]
    Renderer: NVIDIA GeForce RTX 3070 (ID=0x2488)
    Vendor:   NVIDIA
    VRAM:     8031 MB
    Driver:   31.0.15.2737
Initialize mono
Mono path[0] = 'D:/UnityEditor/2021.3.22f1/Editor/Data/Managed'
Mono path[1] = 'D:/UnityEditor/2021.3.22f1/Editor/Data/MonoBleedingEdge/lib/mono/unityjit-win32'
Mono config path = 'D:/UnityEditor/2021.3.22f1/Editor/Data/MonoBleedingEdge/etc'
Using monoOptions --debugger-agent=transport=dt_socket,embedding=1,server=y,suspend=n,address=127.0.0.1:56596
Begin MonoManager ReloadAssembly
Registering precompiled unity dll's ...
Register platform support module: D:/UnityEditor/2021.3.22f1/Editor/Data/PlaybackEngines/WebGLSupport/UnityEditor.WebGL.Extensions.dll
Register platform support module: D:/UnityEditor/2021.3.22f1/Editor/Data/PlaybackEngines/WindowsStandaloneSupport/UnityEditor.WindowsStandalone.Extensions.dll
Registered in 0.002364 seconds.
Native extension for WindowsStandalone target not found
Native extension for WebGL target not found
Refreshing native plugins compatible for Editor in 58.37 ms, found 3 plugins.
Preloading 0 native plugins for Editor in 0.00 ms.
Mono: successfully reloaded assembly
- Completed reload, in  0.480 seconds
Domain Reload Profiling:
	ReloadAssembly (481ms)
		BeginReloadAssembly (64ms)
			ExecutionOrderSort (0ms)
			DisableScriptedObjects (0ms)
			BackupInstance (0ms)
			ReleaseScriptingObjects (0ms)
			CreateAndSetChildDomain (1ms)
		EndReloadAssembly (345ms)
			LoadAssemblies (63ms)
			RebuildTransferFunctionScriptingTraits (0ms)
			SetupTypeCache (75ms)
			ReleaseScriptCaches (0ms)
			RebuildScriptCaches (20ms)
			SetupLoadedEditorAssemblies (213ms)
				LogAssemblyErrors (0ms)
				InitializePlatformSupportModulesInManaged (6ms)
				SetLoadedEditorAssemblies (0ms)
				RefreshPlugins (58ms)
				BeforeProcessingInitializeOnLoad (1ms)
				ProcessInitializeOnLoadAttributes (109ms)
				ProcessInitializeOnLoadMethodAttributes (39ms)
				AfterProcessingInitializeOnLoad (0ms)
				EditorAssembliesLoaded (0ms)
			ExecutionOrderSort2 (0ms)
			AwakeInstancesAfterBackupRestoration (0ms)
Platform modules already initialized, skipping
Registering precompiled user dll's ...
Registered in 0.003086 seconds.
Begin MonoManager ReloadAssembly
Symbol file LoadedFromMemory doesn't match image D:\UnityProjects\VFX_Journey\VFX1\Library\PackageCache\com.unity.visualscripting@1.8.0\Editor\VisualScripting.Core\Dependencies\YamlDotNet\Unity.VisualScripting.YamlDotNet.dll
Symbol file LoadedFromMemory doesn't match image D:\UnityProjects\VFX_Journey\VFX1\Library\PackageCache\com.unity.visualscripting@1.8.0\Editor\VisualScripting.Core\Dependencies\DotNetZip\Unity.VisualScripting.IonicZip.dll
Native extension for WindowsStandalone target not found
Native extension for WebGL target not found
Refreshing native plugins compatible for Editor in 0.50 ms, found 3 plugins.
Preloading 0 native plugins for Editor in 0.00 ms.
Mono: successfully reloaded assembly
- Completed reload, in  0.708 seconds
Domain Reload Profiling:
	ReloadAssembly (709ms)
		BeginReloadAssembly (90ms)
			ExecutionOrderSort (0ms)
			DisableScriptedObjects (5ms)
			BackupInstance (0ms)
			ReleaseScriptingObjects (0ms)
			CreateAndSetChildDomain (15ms)
		EndReloadAssembly (545ms)
			LoadAssemblies (66ms)
			RebuildTransferFunctionScriptingTraits (0ms)
			SetupTypeCache (176ms)
			ReleaseScriptCaches (0ms)
			RebuildScriptCaches (33ms)
			SetupLoadedEditorAssemblies (252ms)
				LogAssemblyErrors (0ms)
				InitializePlatformSupportModulesInManaged (4ms)
				SetLoadedEditorAssemblies (0ms)
				RefreshPlugins (1ms)
				BeforeProcessingInitializeOnLoad (57ms)
				ProcessInitializeOnLoadAttributes (174ms)
				ProcessInitializeOnLoadMethodAttributes (14ms)
				AfterProcessingInitializeOnLoad (2ms)
				EditorAssembliesLoaded (0ms)
			ExecutionOrderSort2 (0ms)
			AwakeInstancesAfterBackupRestoration (5ms)
Platform modules already initialized, skipping
========================================================================
Worker process is ready to serve import requests
Launched and connected shader compiler UnityShaderCompiler.exe after 0.03 seconds
Refreshing native plugins compatible for Editor in 0.81 ms, found 3 plugins.
Preloading 0 native plugins for Editor in 0.00 ms.
Unloading 3047 Unused Serialized files (Serialized files now loaded: 0)
Unloading 24 unused Assets / (113.3 KB). Loaded Objects now: 3508.
Memory consumption went from 107.6 MB to 107.5 MB.
Total: 2.326000 ms (FindLiveObjects: 0.212400 ms CreateObjectMapping: 0.118500 ms MarkObjects: 1.905700 ms  DeleteObjects: 0.088800 ms)

AssetImportParameters requested are different than current active one (requested -> active):
  custom:video-decoder-ogg-theora: a1e56fd34408186e4bbccfd4996cb3dc -> 
  custom:container-muxer-webm: aa71ff27fc2769a1b78a27578f13a17b -> 
  custom:container-demuxer-webm: 4f35f7cbe854078d1ac9338744f61a02 -> 
  custom:video-encoder-webm-vp8: eb34c28f22e8b96e1ab97ce403110664 -> 
  custom:audio-encoder-webm-vorbis: bf7c407c2cedff20999df2af8eb42d56 -> 
  custom:framework-win-MediaFoundation: 216162199b28c13a410421893ffa2e32 -> 
  custom:container-demuxer-ogg: 62fdf1f143b41e24485cea50d1cbac27 -> 
  custom:video-decoder-webm-vp8: 9c59270c3fd7afecdb556c50c9e8de78 -> 
  custom:audio-decoder-ogg-vorbis: bf7c407c2cedff20999df2af8eb42d56 -> 
========================================================================
Received Import Request.
  Time since last request: 260294.427055 seconds.
  path: Packages/com.unity.testtools.codecoverage/package.json
  artifactKey: Guid(ba7d60725b0ec604698819352642be89) Importer(815301076,1909f56bfc062723c751e8b465ee728b)
Start importing Packages/com.unity.testtools.codecoverage/package.json using Guid(ba7d60725b0ec604698819352642be89) Importer(815301076,1909f56bfc062723c751e8b465ee728b)  -> (artifact id: 'b4ede392239df6bf770ed0fb43b79895') in 0.037022 seconds 
========================================================================
Received Import Request.
  Time since last request: 2.735843 seconds.
  path: Packages/com.unity.ext.nunit/package.json
  artifactKey: Guid(8143d3a8390f2c64685e3bc272bd9e90) Importer(815301076,1909f56bfc062723c751e8b465ee728b)
Start importing Packages/com.unity.ext.nunit/package.json using Guid(8143d3a8390f2c64685e3bc272bd9e90) Importer(815301076,1909f56bfc062723c751e8b465ee728b)  -> (artifact id: 'b40fc5629c4141466786b845dfe4fc31') in 0.001911 seconds 
========================================================================
Received Import Request.
  Time since last request: 111.049325 seconds.
  path: Assets/BlenderMesh.fbx
  artifactKey: Guid(2fdfc9bd0f160c74694bb9845b2e6b37) Importer(815301076,1909f56bfc062723c751e8b465ee728b)
Start importing Assets/BlenderMesh.fbx using Guid(2fdfc9bd0f160c74694bb9845b2e6b37) Importer(815301076,1909f56bfc062723c751e8b465ee728b)  -> (artifact id: '6be8d5e01f67615115550ccdd2c097bc') in 0.190185 seconds 
========================================================================
Received Import Request.
  Time since last request: 124.963046 seconds.
  path: Assets/Scenes
  artifactKey: Guid(6ea315d0fd7389c41b19996891e99ae3) Importer(815301076,1909f56bfc062723c751e8b465ee728b)
Start importing Assets/Scenes using Guid(6ea315d0fd7389c41b19996891e99ae3) Importer(815301076,1909f56bfc062723c751e8b465ee728b)  -> (artifact id: 'b8193726cff86800c54781cdc6d54904') in 0.006148 seconds 
========================================================================
Received Import Request.
  Time since last request: 2173.931793 seconds.
  path: Assets/BlenderMesh.fbx
  artifactKey: Guid(da62d6535f4ffc444ba4d7b8959b4fa4) Importer(815301076,1909f56bfc062723c751e8b465ee728b)
Start importing Assets/BlenderMesh.fbx using Guid(da62d6535f4ffc444ba4d7b8959b4fa4) Importer(815301076,1909f56bfc062723c751e8b465ee728b)  -> (artifact id: 'ec86145f3ccf625986aa7dbee3354fb0') in 0.021220 seconds 
========================================================================
Received Import Request.
  Time since last request: 8.751816 seconds.
  path: Assets/Scenes/PaintReverse.png
  artifactKey: Guid(812551e9179bdb74b9ce85e3d57c8b72) Importer(815301076,1909f56bfc062723c751e8b465ee728b)
Start importing Assets/Scenes/PaintReverse.png using Guid(812551e9179bdb74b9ce85e3d57c8b72) Importer(815301076,1909f56bfc062723c751e8b465ee728b)  -> (artifact id: '5a9bfb0aa5d21e32f2330c8381b507c5') in 0.019673 seconds 
========================================================================
Received Import Request.
  Time since last request: 9.947953 seconds.
  path: Assets/Scenes/BlenderMesh.blend1
  artifactKey: Guid(ed278a114032789438a923c3cbed034a) Importer(815301076,1909f56bfc062723c751e8b465ee728b)
Start importing Assets/Scenes/BlenderMesh.blend1 using Guid(ed278a114032789438a923c3cbed034a) Importer(815301076,1909f56bfc062723c751e8b465ee728b)  -> (artifact id: 'd8af9357a50140bd969d735255cdd829') in 0.003066 seconds 
========================================================================
Received Import Request.
  Time since last request: 0.456466 seconds.
  path: Assets/Scenes/BlenderMesh.blend
  artifactKey: Guid(5afb17f4b473b5f4e9b5f3ea881de224) Importer(815301076,1909f56bfc062723c751e8b465ee728b)
Start importing Assets/Scenes/BlenderMesh.blend using Guid(5afb17f4b473b5f4e9b5f3ea881de224) Importer(815301076,1909f56bfc062723c751e8b465ee728b)  -> (artifact id: '3722e1457d84373c9f3ea35f8af35618') in 0.003419 seconds 
========================================================================
Received Import Request.
  Time since last request: 23.959120 seconds.
  path: Assets/Scenes/Materials
  artifactKey: Guid(e56c7510af0a6a2448031183b9aa3289) Importer(815301076,1909f56bfc062723c751e8b465ee728b)
Start importing Assets/Scenes/Materials using Guid(e56c7510af0a6a2448031183b9aa3289) Importer(815301076,1909f56bfc062723c751e8b465ee728b)  -> (artifact id: '27f0d4a3f6c2efb5fbff7d5479db1f10') in 0.006327 seconds 
========================================================================
Received Import Request.
  Time since last request: 23.599271 seconds.
  path: Assets/Scenes/Materials/MeshMaterial.mat
  artifactKey: Guid(6d278fc159f1c4541ae843b28c6a68c3) Importer(815301076,1909f56bfc062723c751e8b465ee728b)
Start importing Assets/Scenes/Materials/MeshMaterial.mat using Guid(6d278fc159f1c4541ae843b28c6a68c3) Importer(815301076,1909f56bfc062723c751e8b465ee728b)  -> (artifact id: 'e3abcf25d1e33893f6cb3e30657d94e6') in 0.012436 seconds 
========================================================================
Received Import Request.
  Time since last request: 110.218842 seconds.
  path: Assets/Scenes/Materials/New Material.mat
  artifactKey: Guid(b66919ff299c53545aa30d1c1a3a6465) Importer(815301076,1909f56bfc062723c751e8b465ee728b)
Start importing Assets/Scenes/Materials/New Material.mat using Guid(b66919ff299c53545aa30d1c1a3a6465) Importer(815301076,1909f56bfc062723c751e8b465ee728b)  -> (artifact id: 'c401c65456945326c747ec048d061f0f') in 0.010451 seconds 
========================================================================
Received Import Request.
  Time since last request: 521.692057 seconds.
  path: Assets/Scenes/Materials/New Material.mat
  artifactKey: Guid(b66919ff299c53545aa30d1c1a3a6465) Importer(815301076,1909f56bfc062723c751e8b465ee728b)
Start importing Assets/Scenes/Materials/New Material.mat using Guid(b66919ff299c53545aa30d1c1a3a6465) Importer(815301076,1909f56bfc062723c751e8b465ee728b)  -> (artifact id: 'f3b1df04f50a8cc16f781a846c21c0f1') in 0.026440 seconds 
